2020-01-19 13:22:10,104 [WARN] from slick.basic.DatabaseConfig in play-dev-mode-akka.actor.default-dispatcher-6 - Use `profile` instead of `driver`. The latter is deprecated since Slick 3.2 and will be removed.
2020-01-19 13:22:10,720 [INFO] from play.api.http.EnabledFilters in play-dev-mode-akka.actor.default-dispatcher-6 - Enabled Filters (see <https://www.playframework.com/documentation/latest/Filters>):

    play.filters.gzip.GzipFilter
    filters.AdminFilter

2020-01-19 13:22:10,726 [INFO] from play.api.Play in play-dev-mode-akka.actor.default-dispatcher-6 - Application started (Dev)
2020-01-19 13:22:11,015 [WARN] from play.api.mvc.DefaultUrlEncodedCookieDataCodec in application-akka.actor.default-dispatcher-3 - Cookie failed message authentication check
2020-01-19 13:22:11,513 [WARN] from play.api.mvc.DefaultUrlEncodedCookieDataCodec in application-akka.actor.default-dispatcher-5 - Cookie failed message authentication check
2020-01-19 13:22:11,514 [WARN] from play.api.mvc.DefaultUrlEncodedCookieDataCodec in application-akka.actor.default-dispatcher-2 - Cookie failed message authentication check
2020-01-19 13:22:11,514 [WARN] from play.api.mvc.DefaultUrlEncodedCookieDataCodec in application-akka.actor.default-dispatcher-4 - Cookie failed message authentication check
2020-01-19 13:22:11,514 [WARN] from play.api.mvc.DefaultUrlEncodedCookieDataCodec in application-akka.actor.default-dispatcher-3 - Cookie failed message authentication check
2020-01-19 13:22:11,519 [WARN] from play.api.mvc.DefaultUrlEncodedCookieDataCodec in application-akka.actor.default-dispatcher-6 - Cookie failed message authentication check
2020-01-19 13:22:11,562 [WARN] from play.api.mvc.DefaultUrlEncodedCookieDataCodec in application-akka.actor.default-dispatcher-9 - Cookie failed message authentication check
2020-01-19 13:22:11,886 [WARN] from play.api.mvc.DefaultUrlEncodedCookieDataCodec in application-akka.actor.default-dispatcher-4 - Cookie failed message authentication check
2020-01-19 13:22:11,892 [WARN] from play.api.mvc.DefaultUrlEncodedCookieDataCodec in application-akka.actor.default-dispatcher-2 - Cookie failed message authentication check
2020-01-19 13:22:11,892 [WARN] from play.api.mvc.DefaultUrlEncodedCookieDataCodec in application-akka.actor.default-dispatcher-7 - Cookie failed message authentication check
2020-01-19 13:22:11,916 [WARN] from play.api.mvc.DefaultUrlEncodedCookieDataCodec in application-akka.actor.default-dispatcher-8 - Cookie failed message authentication check
2020-01-19 13:22:11,916 [WARN] from play.api.mvc.DefaultUrlEncodedCookieDataCodec in application-akka.actor.default-dispatcher-7 - Cookie failed message authentication check
2020-01-19 13:22:11,942 [WARN] from play.api.mvc.DefaultUrlEncodedCookieDataCodec in application-akka.actor.default-dispatcher-5 - Cookie failed message authentication check
2020-01-19 13:22:11,967 [WARN] from play.api.mvc.DefaultUrlEncodedCookieDataCodec in application-akka.actor.default-dispatcher-4 - Cookie failed message authentication check
2020-01-19 13:22:12,018 [WARN] from play.api.mvc.DefaultUrlEncodedCookieDataCodec in application-akka.actor.default-dispatcher-2 - Cookie failed message authentication check
2020-01-19 13:22:12,025 [WARN] from play.api.mvc.DefaultUrlEncodedCookieDataCodec in application-akka.actor.default-dispatcher-2 - Cookie failed message authentication check
2020-01-19 13:22:12,045 [WARN] from play.api.mvc.DefaultUrlEncodedCookieDataCodec in application-akka.actor.default-dispatcher-5 - Cookie failed message authentication check
2020-01-19 13:22:12,045 [WARN] from play.api.mvc.DefaultUrlEncodedCookieDataCodec in application-akka.actor.default-dispatcher-6 - Cookie failed message authentication check
2020-01-19 13:22:12,082 [WARN] from play.api.mvc.DefaultUrlEncodedCookieDataCodec in application-akka.actor.default-dispatcher-3 - Cookie failed message authentication check
2020-01-19 13:22:12,152 [WARN] from play.api.mvc.DefaultUrlEncodedCookieDataCodec in application-akka.actor.default-dispatcher-2 - Cookie failed message authentication check
2020-01-19 13:22:12,165 [WARN] from play.api.mvc.DefaultUrlEncodedCookieDataCodec in application-akka.actor.default-dispatcher-4 - Cookie failed message authentication check
2020-01-19 13:22:12,176 [WARN] from play.api.mvc.DefaultUrlEncodedCookieDataCodec in application-akka.actor.default-dispatcher-4 - Cookie failed message authentication check
2020-01-19 13:22:12,312 [WARN] from play.api.mvc.DefaultUrlEncodedCookieDataCodec in application-akka.actor.default-dispatcher-4 - Cookie failed message authentication check
2020-01-19 13:22:12,340 [WARN] from play.api.mvc.DefaultUrlEncodedCookieDataCodec in application-akka.actor.default-dispatcher-8 - Cookie failed message authentication check
2020-01-19 13:22:12,342 [WARN] from play.api.mvc.DefaultUrlEncodedCookieDataCodec in application-akka.actor.default-dispatcher-2 - Cookie failed message authentication check
2020-01-19 13:22:12,347 [WARN] from play.api.mvc.DefaultUrlEncodedCookieDataCodec in application-akka.actor.default-dispatcher-7 - Cookie failed message authentication check
2020-01-19 13:22:12,361 [WARN] from play.api.mvc.DefaultUrlEncodedCookieDataCodec in application-akka.actor.default-dispatcher-5 - Cookie failed message authentication check
2020-01-19 13:22:12,379 [WARN] from play.api.mvc.DefaultUrlEncodedCookieDataCodec in application-akka.actor.default-dispatcher-8 - Cookie failed message authentication check
2020-01-19 13:22:12,391 [WARN] from play.api.mvc.DefaultUrlEncodedCookieDataCodec in application-akka.actor.default-dispatcher-6 - Cookie failed message authentication check
2020-01-19 13:22:12,476 [WARN] from play.api.mvc.DefaultUrlEncodedCookieDataCodec in application-akka.actor.default-dispatcher-2 - Cookie failed message authentication check
2020-01-19 13:22:12,514 [WARN] from play.api.mvc.DefaultUrlEncodedCookieDataCodec in application-akka.actor.default-dispatcher-3 - Cookie failed message authentication check
2020-01-19 13:22:12,516 [WARN] from play.api.mvc.DefaultUrlEncodedCookieDataCodec in application-akka.actor.default-dispatcher-6 - Cookie failed message authentication check
2020-01-19 13:22:12,559 [WARN] from play.api.mvc.DefaultUrlEncodedCookieDataCodec in application-akka.actor.default-dispatcher-3 - Cookie failed message authentication check
2020-01-19 13:22:12,581 [WARN] from play.api.mvc.DefaultUrlEncodedCookieDataCodec in application-akka.actor.default-dispatcher-3 - Cookie failed message authentication check
2020-01-19 13:22:12,593 [WARN] from play.api.mvc.DefaultUrlEncodedCookieDataCodec in application-akka.actor.default-dispatcher-5 - Cookie failed message authentication check
2020-01-19 13:22:12,594 [WARN] from play.api.mvc.DefaultUrlEncodedCookieDataCodec in application-akka.actor.default-dispatcher-8 - Cookie failed message authentication check
2020-01-19 13:22:12,614 [WARN] from play.api.mvc.DefaultUrlEncodedCookieDataCodec in application-akka.actor.default-dispatcher-4 - Cookie failed message authentication check
2020-01-19 13:22:12,627 [WARN] from play.api.mvc.DefaultUrlEncodedCookieDataCodec in application-akka.actor.default-dispatcher-7 - Cookie failed message authentication check
2020-01-19 13:22:12,656 [WARN] from play.api.mvc.DefaultUrlEncodedCookieDataCodec in application-akka.actor.default-dispatcher-6 - Cookie failed message authentication check
2020-01-19 13:22:12,777 [WARN] from play.api.mvc.DefaultUrlEncodedCookieDataCodec in application-akka.actor.default-dispatcher-6 - Cookie failed message authentication check
2020-01-19 13:22:12,818 [WARN] from play.api.mvc.DefaultUrlEncodedCookieDataCodec in application-akka.actor.default-dispatcher-4 - Cookie failed message authentication check
2020-01-19 13:22:12,832 [WARN] from play.api.mvc.DefaultUrlEncodedCookieDataCodec in application-akka.actor.default-dispatcher-6 - Cookie failed message authentication check
2020-01-19 13:22:12,851 [WARN] from play.api.mvc.DefaultUrlEncodedCookieDataCodec in application-akka.actor.default-dispatcher-6 - Cookie failed message authentication check
2020-01-19 13:22:12,883 [WARN] from play.api.mvc.DefaultUrlEncodedCookieDataCodec in application-akka.actor.default-dispatcher-6 - Cookie failed message authentication check
2020-01-19 13:22:12,909 [WARN] from play.api.mvc.DefaultUrlEncodedCookieDataCodec in application-akka.actor.default-dispatcher-6 - Cookie failed message authentication check
2020-01-19 13:22:12,946 [WARN] from play.api.mvc.DefaultUrlEncodedCookieDataCodec in application-akka.actor.default-dispatcher-3 - Cookie failed message authentication check
2020-01-19 13:22:12,963 [WARN] from play.api.mvc.DefaultUrlEncodedCookieDataCodec in application-akka.actor.default-dispatcher-4 - Cookie failed message authentication check
2020-01-19 13:22:13,474 [WARN] from play.api.mvc.DefaultUrlEncodedCookieDataCodec in application-akka.actor.default-dispatcher-9 - Cookie failed message authentication check
2020-01-19 13:22:13,565 [WARN] from play.api.mvc.DefaultUrlEncodedCookieDataCodec in application-akka.actor.default-dispatcher-5 - Cookie failed message authentication check
2020-01-19 13:22:22,771 [WARN] from play.api.mvc.DefaultUrlEncodedCookieDataCodec in application-akka.actor.default-dispatcher-7 - Cookie failed message authentication check
2020-01-19 13:22:31,911 [WARN] from play.api.mvc.DefaultUrlEncodedCookieDataCodec in application-akka.actor.default-dispatcher-7 - Cookie failed message authentication check
2020-01-19 13:24:34,704 [WARN] from play.api.mvc.DefaultUrlEncodedCookieDataCodec in application-akka.actor.default-dispatcher-8 - Cookie failed message authentication check
2020-01-19 13:24:34,782 [WARN] from play.api.mvc.DefaultUrlEncodedCookieDataCodec in application-akka.actor.default-dispatcher-28 - Cookie failed message authentication check
2020-01-19 13:24:34,813 [WARN] from play.api.mvc.DefaultUrlEncodedCookieDataCodec in application-akka.actor.default-dispatcher-27 - Cookie failed message authentication check
2020-01-19 13:24:34,831 [WARN] from play.api.mvc.DefaultUrlEncodedCookieDataCodec in application-akka.actor.default-dispatcher-28 - Cookie failed message authentication check
2020-01-19 13:24:34,834 [WARN] from play.api.mvc.DefaultUrlEncodedCookieDataCodec in application-akka.actor.default-dispatcher-26 - Cookie failed message authentication check
2020-01-19 13:24:34,852 [WARN] from play.api.mvc.DefaultUrlEncodedCookieDataCodec in application-akka.actor.default-dispatcher-26 - Cookie failed message authentication check
2020-01-19 13:24:34,870 [WARN] from play.api.mvc.DefaultUrlEncodedCookieDataCodec in application-akka.actor.default-dispatcher-8 - Cookie failed message authentication check
2020-01-19 13:24:34,889 [WARN] from play.api.mvc.DefaultUrlEncodedCookieDataCodec in application-akka.actor.default-dispatcher-31 - Cookie failed message authentication check
2020-01-19 13:24:34,919 [WARN] from play.api.mvc.DefaultUrlEncodedCookieDataCodec in application-akka.actor.default-dispatcher-32 - Cookie failed message authentication check
2020-01-19 13:24:34,928 [WARN] from play.api.mvc.DefaultUrlEncodedCookieDataCodec in application-akka.actor.default-dispatcher-29 - Cookie failed message authentication check
2020-01-19 13:24:34,928 [WARN] from play.api.mvc.DefaultUrlEncodedCookieDataCodec in application-akka.actor.default-dispatcher-26 - Cookie failed message authentication check
2020-01-19 13:24:34,947 [WARN] from play.api.mvc.DefaultUrlEncodedCookieDataCodec in application-akka.actor.default-dispatcher-26 - Cookie failed message authentication check
2020-01-19 13:24:34,982 [WARN] from play.api.mvc.DefaultUrlEncodedCookieDataCodec in application-akka.actor.default-dispatcher-29 - Cookie failed message authentication check
2020-01-19 13:24:34,983 [WARN] from play.api.mvc.DefaultUrlEncodedCookieDataCodec in application-akka.actor.default-dispatcher-26 - Cookie failed message authentication check
2020-01-19 13:24:35,018 [WARN] from play.api.mvc.DefaultUrlEncodedCookieDataCodec in application-akka.actor.default-dispatcher-27 - Cookie failed message authentication check
2020-01-19 13:24:35,024 [WARN] from play.api.mvc.DefaultUrlEncodedCookieDataCodec in application-akka.actor.default-dispatcher-28 - Cookie failed message authentication check
2020-01-19 13:24:35,043 [WARN] from play.api.mvc.DefaultUrlEncodedCookieDataCodec in application-akka.actor.default-dispatcher-31 - Cookie failed message authentication check
2020-01-19 13:24:35,045 [WARN] from play.api.mvc.DefaultUrlEncodedCookieDataCodec in application-akka.actor.default-dispatcher-27 - Cookie failed message authentication check
2020-01-19 13:24:35,072 [WARN] from play.api.mvc.DefaultUrlEncodedCookieDataCodec in application-akka.actor.default-dispatcher-30 - Cookie failed message authentication check
2020-01-19 13:24:35,128 [WARN] from play.api.mvc.DefaultUrlEncodedCookieDataCodec in application-akka.actor.default-dispatcher-32 - Cookie failed message authentication check
2020-01-19 13:24:35,140 [WARN] from play.api.mvc.DefaultUrlEncodedCookieDataCodec in application-akka.actor.default-dispatcher-26 - Cookie failed message authentication check
2020-01-19 13:24:35,178 [WARN] from play.api.mvc.DefaultUrlEncodedCookieDataCodec in application-akka.actor.default-dispatcher-27 - Cookie failed message authentication check
2020-01-19 13:24:35,209 [WARN] from play.api.mvc.DefaultUrlEncodedCookieDataCodec in application-akka.actor.default-dispatcher-28 - Cookie failed message authentication check
2020-01-19 13:24:35,210 [WARN] from play.api.mvc.DefaultUrlEncodedCookieDataCodec in application-akka.actor.default-dispatcher-8 - Cookie failed message authentication check
2020-01-19 13:24:35,235 [WARN] from play.api.mvc.DefaultUrlEncodedCookieDataCodec in application-akka.actor.default-dispatcher-31 - Cookie failed message authentication check
2020-01-19 13:24:35,259 [WARN] from play.api.mvc.DefaultUrlEncodedCookieDataCodec in application-akka.actor.default-dispatcher-27 - Cookie failed message authentication check
2020-01-19 13:24:35,269 [WARN] from play.api.mvc.DefaultUrlEncodedCookieDataCodec in application-akka.actor.default-dispatcher-29 - Cookie failed message authentication check
2020-01-19 13:24:35,285 [WARN] from play.api.mvc.DefaultUrlEncodedCookieDataCodec in application-akka.actor.default-dispatcher-32 - Cookie failed message authentication check
2020-01-19 13:24:35,292 [WARN] from play.api.mvc.DefaultUrlEncodedCookieDataCodec in application-akka.actor.default-dispatcher-32 - Cookie failed message authentication check
2020-01-19 13:24:35,312 [WARN] from play.api.mvc.DefaultUrlEncodedCookieDataCodec in application-akka.actor.default-dispatcher-31 - Cookie failed message authentication check
2020-01-19 13:24:35,314 [WARN] from play.api.mvc.DefaultUrlEncodedCookieDataCodec in application-akka.actor.default-dispatcher-30 - Cookie failed message authentication check
2020-01-19 13:24:35,336 [WARN] from play.api.mvc.DefaultUrlEncodedCookieDataCodec in application-akka.actor.default-dispatcher-29 - Cookie failed message authentication check
2020-01-19 13:24:35,344 [WARN] from play.api.mvc.DefaultUrlEncodedCookieDataCodec in application-akka.actor.default-dispatcher-8 - Cookie failed message authentication check
2020-01-19 13:24:35,379 [WARN] from play.api.mvc.DefaultUrlEncodedCookieDataCodec in application-akka.actor.default-dispatcher-31 - Cookie failed message authentication check
2020-01-19 13:24:35,391 [WARN] from play.api.mvc.DefaultUrlEncodedCookieDataCodec in application-akka.actor.default-dispatcher-30 - Cookie failed message authentication check
2020-01-19 13:24:35,398 [WARN] from play.api.mvc.DefaultUrlEncodedCookieDataCodec in application-akka.actor.default-dispatcher-28 - Cookie failed message authentication check
2020-01-19 13:24:35,399 [WARN] from play.api.mvc.DefaultUrlEncodedCookieDataCodec in application-akka.actor.default-dispatcher-30 - Cookie failed message authentication check
2020-01-19 13:24:35,404 [WARN] from play.api.mvc.DefaultUrlEncodedCookieDataCodec in application-akka.actor.default-dispatcher-32 - Cookie failed message authentication check
2020-01-19 13:24:35,405 [WARN] from play.api.mvc.DefaultUrlEncodedCookieDataCodec in application-akka.actor.default-dispatcher-26 - Cookie failed message authentication check
2020-01-19 13:24:35,565 [WARN] from play.api.mvc.DefaultUrlEncodedCookieDataCodec in application-akka.actor.default-dispatcher-8 - Cookie failed message authentication check
2020-01-19 13:24:35,584 [WARN] from play.api.mvc.DefaultUrlEncodedCookieDataCodec in application-akka.actor.default-dispatcher-8 - Cookie failed message authentication check
2020-01-19 13:24:35,603 [WARN] from play.api.mvc.DefaultUrlEncodedCookieDataCodec in application-akka.actor.default-dispatcher-8 - Cookie failed message authentication check
2020-01-19 13:24:35,627 [WARN] from play.api.mvc.DefaultUrlEncodedCookieDataCodec in application-akka.actor.default-dispatcher-26 - Cookie failed message authentication check
2020-01-19 13:24:35,646 [WARN] from play.api.mvc.DefaultUrlEncodedCookieDataCodec in application-akka.actor.default-dispatcher-26 - Cookie failed message authentication check
2020-01-19 13:24:35,668 [WARN] from play.api.mvc.DefaultUrlEncodedCookieDataCodec in application-akka.actor.default-dispatcher-26 - Cookie failed message authentication check
2020-01-19 13:24:35,689 [WARN] from play.api.mvc.DefaultUrlEncodedCookieDataCodec in application-akka.actor.default-dispatcher-27 - Cookie failed message authentication check
2020-01-19 13:24:35,705 [WARN] from play.api.mvc.DefaultUrlEncodedCookieDataCodec in application-akka.actor.default-dispatcher-30 - Cookie failed message authentication check
2020-01-19 13:24:35,762 [WARN] from play.api.mvc.DefaultUrlEncodedCookieDataCodec in application-akka.actor.default-dispatcher-30 - Cookie failed message authentication check
2020-01-19 13:24:35,915 [WARN] from play.api.mvc.DefaultUrlEncodedCookieDataCodec in application-akka.actor.default-dispatcher-27 - Cookie failed message authentication check
2020-01-19 13:24:36,016 [WARN] from play.api.mvc.DefaultUrlEncodedCookieDataCodec in application-akka.actor.default-dispatcher-28 - Cookie failed message authentication check
2020-01-19 13:24:41,424 [WARN] from play.api.mvc.DefaultUrlEncodedCookieDataCodec in application-akka.actor.default-dispatcher-30 - Cookie failed message authentication check
2020-01-19 13:24:42,474 [WARN] from play.api.mvc.DefaultUrlEncodedCookieDataCodec in application-akka.actor.default-dispatcher-27 - Cookie failed message authentication check
2020-01-19 13:24:42,609 [WARN] from play.api.mvc.DefaultUrlEncodedCookieDataCodec in application-akka.actor.default-dispatcher-28 - Cookie failed message authentication check
2020-01-19 13:24:42,609 [WARN] from play.api.mvc.DefaultUrlEncodedCookieDataCodec in application-akka.actor.default-dispatcher-30 - Cookie failed message authentication check
2020-01-19 13:24:42,610 [WARN] from play.api.mvc.DefaultUrlEncodedCookieDataCodec in application-akka.actor.default-dispatcher-26 - Cookie failed message authentication check
2020-01-19 13:24:42,611 [WARN] from play.api.mvc.DefaultUrlEncodedCookieDataCodec in application-akka.actor.default-dispatcher-32 - Cookie failed message authentication check
2020-01-19 13:24:42,612 [WARN] from play.api.mvc.DefaultUrlEncodedCookieDataCodec in application-akka.actor.default-dispatcher-8 - Cookie failed message authentication check
2020-01-19 13:24:42,612 [WARN] from play.api.mvc.DefaultUrlEncodedCookieDataCodec in application-akka.actor.default-dispatcher-27 - Cookie failed message authentication check
2020-01-19 13:24:42,635 [WARN] from play.api.mvc.DefaultUrlEncodedCookieDataCodec in application-akka.actor.default-dispatcher-31 - Cookie failed message authentication check
2020-01-19 13:24:42,643 [WARN] from play.api.mvc.DefaultUrlEncodedCookieDataCodec in application-akka.actor.default-dispatcher-31 - Cookie failed message authentication check
2020-01-19 13:24:42,646 [WARN] from play.api.mvc.DefaultUrlEncodedCookieDataCodec in application-akka.actor.default-dispatcher-32 - Cookie failed message authentication check
2020-01-19 13:24:42,654 [WARN] from play.api.mvc.DefaultUrlEncodedCookieDataCodec in application-akka.actor.default-dispatcher-32 - Cookie failed message authentication check
2020-01-19 13:24:42,665 [WARN] from play.api.mvc.DefaultUrlEncodedCookieDataCodec in application-akka.actor.default-dispatcher-30 - Cookie failed message authentication check
2020-01-19 13:24:42,691 [WARN] from play.api.mvc.DefaultUrlEncodedCookieDataCodec in application-akka.actor.default-dispatcher-27 - Cookie failed message authentication check
2020-01-19 13:24:42,709 [WARN] from play.api.mvc.DefaultUrlEncodedCookieDataCodec in application-akka.actor.default-dispatcher-31 - Cookie failed message authentication check
2020-01-19 13:24:42,726 [WARN] from play.api.mvc.DefaultUrlEncodedCookieDataCodec in application-akka.actor.default-dispatcher-32 - Cookie failed message authentication check
2020-01-19 13:24:42,739 [WARN] from play.api.mvc.DefaultUrlEncodedCookieDataCodec in application-akka.actor.default-dispatcher-31 - Cookie failed message authentication check
2020-01-19 13:24:42,752 [WARN] from play.api.mvc.DefaultUrlEncodedCookieDataCodec in application-akka.actor.default-dispatcher-31 - Cookie failed message authentication check
2020-01-19 13:24:42,755 [WARN] from play.api.mvc.DefaultUrlEncodedCookieDataCodec in application-akka.actor.default-dispatcher-30 - Cookie failed message authentication check
2020-01-19 13:24:42,815 [WARN] from play.api.mvc.DefaultUrlEncodedCookieDataCodec in application-akka.actor.default-dispatcher-30 - Cookie failed message authentication check
2020-01-19 13:24:42,821 [WARN] from play.api.mvc.DefaultUrlEncodedCookieDataCodec in application-akka.actor.default-dispatcher-26 - Cookie failed message authentication check
2020-01-19 13:24:42,832 [WARN] from play.api.mvc.DefaultUrlEncodedCookieDataCodec in application-akka.actor.default-dispatcher-30 - Cookie failed message authentication check
2020-01-19 13:24:42,871 [WARN] from play.api.mvc.DefaultUrlEncodedCookieDataCodec in application-akka.actor.default-dispatcher-32 - Cookie failed message authentication check
2020-01-19 13:24:42,874 [WARN] from play.api.mvc.DefaultUrlEncodedCookieDataCodec in application-akka.actor.default-dispatcher-26 - Cookie failed message authentication check
2020-01-19 13:24:42,883 [WARN] from play.api.mvc.DefaultUrlEncodedCookieDataCodec in application-akka.actor.default-dispatcher-31 - Cookie failed message authentication check
2020-01-19 13:24:42,956 [WARN] from play.api.mvc.DefaultUrlEncodedCookieDataCodec in application-akka.actor.default-dispatcher-32 - Cookie failed message authentication check
2020-01-19 13:24:42,965 [WARN] from play.api.mvc.DefaultUrlEncodedCookieDataCodec in application-akka.actor.default-dispatcher-49 - Cookie failed message authentication check
2020-01-19 13:24:42,972 [WARN] from play.api.mvc.DefaultUrlEncodedCookieDataCodec in application-akka.actor.default-dispatcher-26 - Cookie failed message authentication check
2020-01-19 13:24:43,000 [WARN] from play.api.mvc.DefaultUrlEncodedCookieDataCodec in application-akka.actor.default-dispatcher-26 - Cookie failed message authentication check
2020-01-19 13:24:43,001 [WARN] from play.api.mvc.DefaultUrlEncodedCookieDataCodec in application-akka.actor.default-dispatcher-28 - Cookie failed message authentication check
2020-01-19 13:24:43,006 [WARN] from play.api.mvc.DefaultUrlEncodedCookieDataCodec in application-akka.actor.default-dispatcher-8 - Cookie failed message authentication check
2020-01-19 13:24:43,010 [WARN] from play.api.mvc.DefaultUrlEncodedCookieDataCodec in application-akka.actor.default-dispatcher-30 - Cookie failed message authentication check
2020-01-19 13:24:43,025 [WARN] from play.api.mvc.DefaultUrlEncodedCookieDataCodec in application-akka.actor.default-dispatcher-31 - Cookie failed message authentication check
2020-01-19 13:24:43,050 [WARN] from play.api.mvc.DefaultUrlEncodedCookieDataCodec in application-akka.actor.default-dispatcher-31 - Cookie failed message authentication check
2020-01-19 13:24:43,054 [WARN] from play.api.mvc.DefaultUrlEncodedCookieDataCodec in application-akka.actor.default-dispatcher-49 - Cookie failed message authentication check
2020-01-19 13:24:43,058 [WARN] from play.api.mvc.DefaultUrlEncodedCookieDataCodec in application-akka.actor.default-dispatcher-28 - Cookie failed message authentication check
2020-01-19 13:24:43,059 [WARN] from play.api.mvc.DefaultUrlEncodedCookieDataCodec in application-akka.actor.default-dispatcher-27 - Cookie failed message authentication check
2020-01-19 13:24:43,066 [WARN] from play.api.mvc.DefaultUrlEncodedCookieDataCodec in application-akka.actor.default-dispatcher-8 - Cookie failed message authentication check
2020-01-19 13:24:43,083 [WARN] from play.api.mvc.DefaultUrlEncodedCookieDataCodec in application-akka.actor.default-dispatcher-49 - Cookie failed message authentication check
2020-01-19 13:24:43,088 [WARN] from play.api.mvc.DefaultUrlEncodedCookieDataCodec in application-akka.actor.default-dispatcher-30 - Cookie failed message authentication check
2020-01-19 13:24:43,307 [WARN] from play.api.mvc.DefaultUrlEncodedCookieDataCodec in application-akka.actor.default-dispatcher-49 - Cookie failed message authentication check
2020-01-19 13:24:43,319 [WARN] from play.api.mvc.DefaultUrlEncodedCookieDataCodec in application-akka.actor.default-dispatcher-8 - Cookie failed message authentication check
2020-01-19 13:24:43,349 [WARN] from play.api.mvc.DefaultUrlEncodedCookieDataCodec in application-akka.actor.default-dispatcher-27 - Cookie failed message authentication check
2020-01-19 13:24:43,372 [WARN] from play.api.mvc.DefaultUrlEncodedCookieDataCodec in application-akka.actor.default-dispatcher-8 - Cookie failed message authentication check
2020-01-19 13:24:43,390 [WARN] from play.api.mvc.DefaultUrlEncodedCookieDataCodec in application-akka.actor.default-dispatcher-32 - Cookie failed message authentication check
2020-01-19 13:24:43,413 [WARN] from play.api.mvc.DefaultUrlEncodedCookieDataCodec in application-akka.actor.default-dispatcher-28 - Cookie failed message authentication check
2020-01-19 13:24:43,435 [WARN] from play.api.mvc.DefaultUrlEncodedCookieDataCodec in application-akka.actor.default-dispatcher-28 - Cookie failed message authentication check
2020-01-19 13:24:43,452 [WARN] from play.api.mvc.DefaultUrlEncodedCookieDataCodec in application-akka.actor.default-dispatcher-26 - Cookie failed message authentication check
2020-01-19 13:24:43,629 [WARN] from play.api.mvc.DefaultUrlEncodedCookieDataCodec in application-akka.actor.default-dispatcher-8 - Cookie failed message authentication check
2020-01-19 13:24:43,672 [WARN] from play.api.mvc.DefaultUrlEncodedCookieDataCodec in application-akka.actor.default-dispatcher-8 - Cookie failed message authentication check
2020-01-19 13:24:51,074 [WARN] from play.api.mvc.DefaultUrlEncodedCookieDataCodec in application-akka.actor.default-dispatcher-32 - Cookie failed message authentication check
